[2025-12-14 17:34:07] OUTROOT=lvl1_stable_20251214_173407
[2025-12-14 17:34:07] Baseline=5s Warmup=5s
[2025-12-14 17:34:07] Quick: 100 500 1000 x 2 runs; Long: DO_LONG=1 duration=2400 x 1
[2025-12-14 17:34:07] Load: wrk(t=1 c=10) else curl(single loop)
[2025-12-14 17:34:07] Starting app: ./app_linux_amd64
[2025-12-14 17:34:07] Initial PID=5743; waiting for :8080 ...
[2025-12-14 17:34:07] === duration=100s run=1/2 interval=2s (OUTDIR=lvl1_stable_20251214_173407/100s/run_1) ===
[2025-12-14 17:34:07] Metrics(baseline): duration=5s interval=2s count=3
[2025-12-14 17:34:13] Warmup load 5s
[2025-12-14 17:34:18] Starting measured load for 100s…
[2025-12-14 17:34:18] Metrics(load): duration=100s interval=2s count=50
[2025-12-14 17:34:18] … still running: load 100s (pid=5795)
[2025-12-14 17:34:48] … still running: load 100s (pid=5795)
[2025-12-14 17:35:18] … still running: load 100s (pid=5795)
[2025-12-14 17:35:48] … still running: load 100s (pid=5795)
[2025-12-14 17:35:58] Run finished: duration=100s run=1
[2025-12-14 17:36:08] === duration=100s run=2/2 interval=2s (OUTDIR=lvl1_stable_20251214_173407/100s/run_2) ===
[2025-12-14 17:36:08] Metrics(baseline): duration=5s interval=2s count=3
[2025-12-14 17:36:14] Warmup load 5s
[2025-12-14 17:36:19] Starting measured load for 100s…
[2025-12-14 17:36:19] … still running: load 100s (pid=5867)
[2025-12-14 17:36:19] Metrics(load): duration=100s interval=2s count=50
[2025-12-14 17:36:49] … still running: load 100s (pid=5867)
[2025-12-14 17:37:19] … still running: load 100s (pid=5867)
[2025-12-14 17:37:49] … still running: load 100s (pid=5867)
[2025-12-14 17:37:59] Run finished: duration=100s run=2
[2025-12-14 17:37:59] === duration=500s run=1/2 interval=2s (OUTDIR=lvl1_stable_20251214_173407/500s/run_1) ===
[2025-12-14 17:37:59] Metrics(baseline): duration=5s interval=2s count=3
[2025-12-14 17:38:05] Warmup load 5s
[2025-12-14 17:38:10] Starting measured load for 500s…
[2025-12-14 17:38:10] … still running: load 500s (pid=5941)
[2025-12-14 17:38:10] Metrics(load): duration=500s interval=2s count=250
[2025-12-14 17:38:40] … still running: load 500s (pid=5941)
[2025-12-14 17:39:10] … still running: load 500s (pid=5941)
[2025-12-14 17:39:40] … still running: load 500s (pid=5941)
[2025-12-14 17:40:10] … still running: load 500s (pid=5941)
[2025-12-14 17:40:40] … still running: load 500s (pid=5941)
[2025-12-14 17:41:10] … still running: load 500s (pid=5941)
[2025-12-14 17:41:40] … still running: load 500s (pid=5941)
[2025-12-14 17:42:11] … still running: load 500s (pid=5941)
[2025-12-14 17:42:41] … still running: load 500s (pid=5941)
[2025-12-14 17:43:11] … still running: load 500s (pid=5941)
[2025-12-14 17:43:41] … still running: load 500s (pid=5941)
[2025-12-14 17:44:11] … still running: load 500s (pid=5941)
[2025-12-14 17:44:41] … still running: load 500s (pid=5941)
[2025-12-14 17:45:11] … still running: load 500s (pid=5941)
[2025-12-14 17:45:41] … still running: load 500s (pid=5941)
[2025-12-14 17:46:11] … still running: load 500s (pid=5941)
[2025-12-14 17:46:33] Run finished: duration=500s run=1
[2025-12-14 17:46:43] === duration=500s run=2/2 interval=2s (OUTDIR=lvl1_stable_20251214_173407/500s/run_2) ===
[2025-12-14 17:46:43] Metrics(baseline): duration=5s interval=2s count=3
[2025-12-14 17:46:49] Warmup load 5s
[2025-12-14 17:46:49] Starting measured load for 500s…
[2025-12-14 17:46:49] … still running: load 500s (pid=6062)
[2025-12-14 17:46:49] Metrics(load): duration=500s interval=2s count=250
[2025-12-14 17:55:09] Run finished: duration=500s run=2
[2025-12-14 17:55:09] === duration=1000s run=1/2 interval=10s (OUTDIR=lvl1_stable_20251214_173407/1000s/run_1) ===
[2025-12-14 17:55:09] Metrics(baseline): duration=5s interval=5s count=1
[2025-12-14 17:55:14] Warmup load 5s
[2025-12-14 17:55:14] Starting measured load for 1000s…
[2025-12-14 17:55:14] Metrics(load): duration=1000s interval=10s count=100
[2025-12-14 17:55:14] … still running: load 1000s (pid=6728)
[2025-12-14 18:11:54] Run finished: duration=1000s run=1
[2025-12-14 18:12:04] === duration=1000s run=2/2 interval=10s (OUTDIR=lvl1_stable_20251214_173407/1000s/run_2) ===
[2025-12-14 18:12:04] Metrics(baseline): duration=5s interval=5s count=1
[2025-12-14 18:12:09] Warmup load 5s
[2025-12-14 18:12:09] Starting measured load for 1000s…
[2025-12-14 18:12:09] … still running: load 1000s (pid=6785)
[2025-12-14 18:12:09] Metrics(load): duration=1000s interval=10s count=100
[2025-12-14 18:28:49] Run finished: duration=1000s run=2
[2025-12-14 18:28:49] === duration=2400s run=1/1 interval=10s (OUTDIR=lvl1_stable_20251214_173407/2400s/run_1) ===
[2025-12-14 18:28:49] Metrics(baseline): duration=5s interval=5s count=1
[2025-12-14 18:28:54] Warmup load 5s
[2025-12-14 18:28:54] Starting measured load for 2400s…
[2025-12-14 18:28:54] … still running: load 2400s (pid=6881)
[2025-12-14 18:28:54] Metrics(load): duration=2400s interval=10s count=240
[2025-12-14 19:08:54] Run finished: duration=2400s run=1
[2025-12-14 19:08:54] All done.
[2025-12-14 19:08:54] You should have DONE.marker files. Example:
